2018/04/02-11:14 [main] INFO  com.yfzm.DemoApplication- Starting DemoApplication on DESKTOP-F02JD7R with PID 7952 (E:\code\Java\Course\Lab-Assignment\build\classes\java\main started by byWind in E:\code\Java\Course\Lab-Assignment)
2018/04/02-11:14 [main] INFO  com.yfzm.DemoApplication- No active profile set, falling back to default profiles: default
2018/04/02-11:14 [main] INFO  org.springframework.boot.web.servlet.context.AnnotationConfigServletWebServerApplicationContext- Refreshing org.springframework.boot.web.servlet.context.AnnotationConfigServletWebServerApplicationContext@50a7bc6e: startup date [Mon Apr 02 11:14:50 CST 2018]; root of context hierarchy
2018/04/02-11:14 [main] INFO  org.springframework.boot.web.embedded.tomcat.TomcatWebServer- Tomcat initialized with port(s): 8080 (http)
2018/04/02-11:14 [main] INFO  org.apache.catalina.core.StandardService- Starting service [Tomcat]
2018/04/02-11:14 [main] INFO  org.apache.catalina.core.StandardEngine- Starting Servlet Engine: Apache Tomcat/8.5.28
2018/04/02-11:14 [localhost-startStop-1] INFO  org.apache.catalina.core.AprLifecycleListener- The APR based Apache Tomcat Native library which allows optimal performance in production environments was not found on the java.library.path: [D:\Program Files\Java\jdk1.8.0_161\bin;C:\WINDOWS\Sun\Java\bin;C:\WINDOWS\system32;C:\WINDOWS;C:\ProgramData\Oracle\Java\javapath;C:\Program Files (x86)\Common Files\Intel\Shared Libraries\redist\intel64\compiler;C:\Program Files (x86)\Intel\iCLS Client\;C:\Program Files\Intel\iCLS Client\;C:\Windows\system32;C:\Windows;C:\Windows\System32\Wbem;C:\Windows\System32\WindowsPowerShell\v1.0\;C:\Program Files (x86)\NVIDIA Corporation\PhysX\Common;C:\Program Files (x86)\Intel\Intel(R) Management Engine Components\DAL;C:\Program Files\Intel\Intel(R) Management Engine Components\DAL;C:\Program Files (x86)\Intel\Intel(R) Management Engine Components\IPT;C:\Program Files\Intel\Intel(R) Management Engine Components\IPT;C:\Program Files\Intel\WiFi\bin\;C:\Program Files\Common Files\Intel\WirelessCommon\;C:\WINDOWS\system32;C:\WINDOWS;C:\WINDOWS\System32\Wbem;C:\WINDOWS\System32\WindowsPowerShell\v1.0\;D:\Program Files\Git\cmd;D:\Program Files\PuTTY\;D:\Program Files\nodejs\;C:\Program Files\MySQL\MySQL Utilities 1.6\;D:\Program Files\MATLAB\R2018a\bin;C:\Users\byWind\AppData\Local\Microsoft\WindowsApps;D:\Program Files\Bandizip\;D:\Program Files\Microsoft VS Code\bin;D:\Program Files\Java\jdk1.8.0_161\bin;C:\Users\byWind\AppData\Roaming\npm;.]
2018/04/02-11:14 [localhost-startStop-1] INFO  org.apache.catalina.core.ContainerBase.[Tomcat].[localhost].[/]- Initializing Spring embedded WebApplicationContext
2018/04/02-11:14 [localhost-startStop-1] INFO  org.springframework.web.context.ContextLoader- Root WebApplicationContext: initialization completed in 2199 ms
2018/04/02-11:14 [localhost-startStop-1] INFO  org.springframework.boot.web.servlet.ServletRegistrationBean- Servlet dispatcherServlet mapped to [/]
2018/04/02-11:14 [localhost-startStop-1] INFO  org.springframework.boot.web.servlet.FilterRegistrationBean- Mapping filter: 'characterEncodingFilter' to: [/*]
2018/04/02-11:14 [localhost-startStop-1] INFO  org.springframework.boot.web.servlet.FilterRegistrationBean- Mapping filter: 'hiddenHttpMethodFilter' to: [/*]
2018/04/02-11:14 [localhost-startStop-1] INFO  org.springframework.boot.web.servlet.FilterRegistrationBean- Mapping filter: 'httpPutFormContentFilter' to: [/*]
2018/04/02-11:14 [localhost-startStop-1] INFO  org.springframework.boot.web.servlet.FilterRegistrationBean- Mapping filter: 'requestContextFilter' to: [/*]
2018/04/02-11:14 [main] INFO  org.springframework.web.servlet.mvc.method.annotation.RequestMappingHandlerAdapter- Looking for @ControllerAdvice: org.springframework.boot.web.servlet.context.AnnotationConfigServletWebServerApplicationContext@50a7bc6e: startup date [Mon Apr 02 11:14:50 CST 2018]; root of context hierarchy
2018/04/02-11:14 [main] INFO  org.springframework.web.servlet.mvc.method.annotation.RequestMappingHandlerMapping- Mapped "{[/]}" onto public com.yfzm.LadderBean com.yfzm.LadderPage.func(java.lang.String,java.lang.String)
2018/04/02-11:14 [main] INFO  org.springframework.web.servlet.mvc.method.annotation.RequestMappingHandlerMapping- Mapped "{[/error]}" onto public org.springframework.http.ResponseEntity<java.util.Map<java.lang.String, java.lang.Object>> org.springframework.boot.autoconfigure.web.servlet.error.BasicErrorController.error(javax.servlet.http.HttpServletRequest)
2018/04/02-11:14 [main] INFO  org.springframework.web.servlet.mvc.method.annotation.RequestMappingHandlerMapping- Mapped "{[/error],produces=[text/html]}" onto public org.springframework.web.servlet.ModelAndView org.springframework.boot.autoconfigure.web.servlet.error.BasicErrorController.errorHtml(javax.servlet.http.HttpServletRequest,javax.servlet.http.HttpServletResponse)
2018/04/02-11:14 [main] INFO  org.springframework.web.servlet.handler.SimpleUrlHandlerMapping- Mapped URL path [/webjars/**] onto handler of type [class org.springframework.web.servlet.resource.ResourceHttpRequestHandler]
2018/04/02-11:14 [main] INFO  org.springframework.web.servlet.handler.SimpleUrlHandlerMapping- Mapped URL path [/**] onto handler of type [class org.springframework.web.servlet.resource.ResourceHttpRequestHandler]
2018/04/02-11:14 [main] INFO  org.springframework.web.servlet.handler.SimpleUrlHandlerMapping- Mapped URL path [/**/favicon.ico] onto handler of type [class org.springframework.web.servlet.resource.ResourceHttpRequestHandler]
2018/04/02-11:14 [main] INFO  org.springframework.jmx.export.annotation.AnnotationMBeanExporter- Registering beans for JMX exposure on startup
2018/04/02-11:14 [main] INFO  org.springframework.boot.web.embedded.tomcat.TomcatWebServer- Tomcat started on port(s): 8080 (http) with context path ''
2018/04/02-11:14 [main] INFO  com.yfzm.DemoApplication- Started DemoApplication in 4.087 seconds (JVM running for 4.782)
2018/04/02-11:14 [http-nio-8080-exec-1] INFO  org.apache.catalina.core.ContainerBase.[Tomcat].[localhost].[/]- Initializing Spring FrameworkServlet 'dispatcherServlet'
2018/04/02-11:14 [http-nio-8080-exec-1] INFO  org.springframework.web.servlet.DispatcherServlet- FrameworkServlet 'dispatcherServlet': initialization started
2018/04/02-11:14 [http-nio-8080-exec-1] INFO  org.springframework.web.servlet.DispatcherServlet- FrameworkServlet 'dispatcherServlet': initialization completed in 25 ms
2018/04/02-11:14 [http-nio-8080-exec-1] INFO  com.yfzm.LadderPage- Enter root page
2018/04/02-11:14 [http-nio-8080-exec-1] INFO  com.yfzm.LadderPage- params: begin:dog, end:world
2018/04/02-11:14 [http-nio-8080-exec-1] INFO  com.yfzm.LadderPage- Result: length:6, ladder:[dog, dol, dool, wool, woold, world]
2019/04/20-16:02 [main] INFO  com.yfzm.DemoApplicationTests- Starting DemoApplicationTests on Necronomicon with PID 5328 (started by 61640 in D:\projects\Lab-Assignment)
2019/04/20-16:02 [main] INFO  com.yfzm.DemoApplicationTests- No active profile set, falling back to default profiles: default
2019/04/20-16:02 [main] INFO  org.springframework.web.context.support.GenericWebApplicationContext- Refreshing org.springframework.web.context.support.GenericWebApplicationContext@5d534f5d: startup date [Sat Apr 20 16:02:29 CST 2019]; root of context hierarchy
2019/04/20-16:02 [main] INFO  org.springframework.web.servlet.mvc.method.annotation.RequestMappingHandlerAdapter- Looking for @ControllerAdvice: org.springframework.web.context.support.GenericWebApplicationContext@5d534f5d: startup date [Sat Apr 20 16:02:29 CST 2019]; root of context hierarchy
2019/04/20-16:02 [main] INFO  org.springframework.web.servlet.mvc.method.annotation.RequestMappingHandlerMapping- Mapped "{[/]}" onto public com.yfzm.LadderBean com.yfzm.LadderPage.func(java.lang.String,java.lang.String)
2019/04/20-16:02 [main] INFO  org.springframework.web.servlet.mvc.method.annotation.RequestMappingHandlerMapping- Mapped "{[/error]}" onto public org.springframework.http.ResponseEntity<java.util.Map<java.lang.String, java.lang.Object>> org.springframework.boot.autoconfigure.web.servlet.error.BasicErrorController.error(javax.servlet.http.HttpServletRequest)
2019/04/20-16:02 [main] INFO  org.springframework.web.servlet.mvc.method.annotation.RequestMappingHandlerMapping- Mapped "{[/error],produces=[text/html]}" onto public org.springframework.web.servlet.ModelAndView org.springframework.boot.autoconfigure.web.servlet.error.BasicErrorController.errorHtml(javax.servlet.http.HttpServletRequest,javax.servlet.http.HttpServletResponse)
2019/04/20-16:02 [main] INFO  org.springframework.web.servlet.handler.SimpleUrlHandlerMapping- Mapped URL path [/webjars/**] onto handler of type [class org.springframework.web.servlet.resource.ResourceHttpRequestHandler]
2019/04/20-16:02 [main] INFO  org.springframework.web.servlet.handler.SimpleUrlHandlerMapping- Mapped URL path [/**] onto handler of type [class org.springframework.web.servlet.resource.ResourceHttpRequestHandler]
2019/04/20-16:02 [main] INFO  org.springframework.web.servlet.handler.SimpleUrlHandlerMapping- Mapped URL path [/**/favicon.ico] onto handler of type [class org.springframework.web.servlet.resource.ResourceHttpRequestHandler]
2019/04/20-16:02 [main] INFO  com.yfzm.DemoApplicationTests- Started DemoApplicationTests in 4.073 seconds (JVM running for 7.68)
2019/04/20-16:02 [Thread-2] INFO  org.springframework.web.context.support.GenericWebApplicationContext- Closing org.springframework.web.context.support.GenericWebApplicationContext@5d534f5d: startup date [Sat Apr 20 16:02:29 CST 2019]; root of context hierarchy
2019/04/20-16:04 [main] INFO  com.yfzm.DemoApplicationTests- Starting DemoApplicationTests on Necronomicon with PID 8044 (started by 61640 in D:\projects\Lab-Assignment)
2019/04/20-16:04 [main] INFO  com.yfzm.DemoApplicationTests- No active profile set, falling back to default profiles: default
2019/04/20-16:04 [main] INFO  org.springframework.web.context.support.GenericWebApplicationContext- Refreshing org.springframework.web.context.support.GenericWebApplicationContext@45099dd3: startup date [Sat Apr 20 16:04:08 CST 2019]; root of context hierarchy
2019/04/20-16:04 [main] INFO  org.springframework.web.servlet.mvc.method.annotation.RequestMappingHandlerAdapter- Looking for @ControllerAdvice: org.springframework.web.context.support.GenericWebApplicationContext@45099dd3: startup date [Sat Apr 20 16:04:08 CST 2019]; root of context hierarchy
2019/04/20-16:04 [main] INFO  org.springframework.web.servlet.mvc.method.annotation.RequestMappingHandlerMapping- Mapped "{[/]}" onto public com.yfzm.LadderBean com.yfzm.LadderPage.func(java.lang.String,java.lang.String)
2019/04/20-16:04 [main] INFO  org.springframework.web.servlet.mvc.method.annotation.RequestMappingHandlerMapping- Mapped "{[/error]}" onto public org.springframework.http.ResponseEntity<java.util.Map<java.lang.String, java.lang.Object>> org.springframework.boot.autoconfigure.web.servlet.error.BasicErrorController.error(javax.servlet.http.HttpServletRequest)
2019/04/20-16:04 [main] INFO  org.springframework.web.servlet.mvc.method.annotation.RequestMappingHandlerMapping- Mapped "{[/error],produces=[text/html]}" onto public org.springframework.web.servlet.ModelAndView org.springframework.boot.autoconfigure.web.servlet.error.BasicErrorController.errorHtml(javax.servlet.http.HttpServletRequest,javax.servlet.http.HttpServletResponse)
2019/04/20-16:04 [main] INFO  org.springframework.web.servlet.handler.SimpleUrlHandlerMapping- Mapped URL path [/webjars/**] onto handler of type [class org.springframework.web.servlet.resource.ResourceHttpRequestHandler]
2019/04/20-16:04 [main] INFO  org.springframework.web.servlet.handler.SimpleUrlHandlerMapping- Mapped URL path [/**] onto handler of type [class org.springframework.web.servlet.resource.ResourceHttpRequestHandler]
2019/04/20-16:04 [main] INFO  org.springframework.web.servlet.handler.SimpleUrlHandlerMapping- Mapped URL path [/**/favicon.ico] onto handler of type [class org.springframework.web.servlet.resource.ResourceHttpRequestHandler]
2019/04/20-16:04 [main] INFO  com.yfzm.DemoApplicationTests- Started DemoApplicationTests in 2.843 seconds (JVM running for 4.943)
2019/04/20-16:04 [Thread-2] INFO  org.springframework.web.context.support.GenericWebApplicationContext- Closing org.springframework.web.context.support.GenericWebApplicationContext@45099dd3: startup date [Sat Apr 20 16:04:08 CST 2019]; root of context hierarchy
2019/04/20-16:04 [main] INFO  com.yfzm.DemoApplicationTests- Starting DemoApplicationTests on Necronomicon with PID 14248 (started by 61640 in D:\projects\Lab-Assignment)
2019/04/20-16:04 [main] INFO  com.yfzm.DemoApplicationTests- No active profile set, falling back to default profiles: default
2019/04/20-16:04 [main] INFO  org.springframework.web.context.support.GenericWebApplicationContext- Refreshing org.springframework.web.context.support.GenericWebApplicationContext@56928307: startup date [Sat Apr 20 16:04:41 CST 2019]; root of context hierarchy
2019/04/20-16:04 [main] INFO  org.springframework.web.servlet.mvc.method.annotation.RequestMappingHandlerAdapter- Looking for @ControllerAdvice: org.springframework.web.context.support.GenericWebApplicationContext@56928307: startup date [Sat Apr 20 16:04:41 CST 2019]; root of context hierarchy
2019/04/20-16:04 [main] INFO  org.springframework.web.servlet.mvc.method.annotation.RequestMappingHandlerMapping- Mapped "{[/]}" onto public com.yfzm.LadderBean com.yfzm.LadderPage.func(java.lang.String,java.lang.String)
2019/04/20-16:04 [main] INFO  org.springframework.web.servlet.mvc.method.annotation.RequestMappingHandlerMapping- Mapped "{[/error]}" onto public org.springframework.http.ResponseEntity<java.util.Map<java.lang.String, java.lang.Object>> org.springframework.boot.autoconfigure.web.servlet.error.BasicErrorController.error(javax.servlet.http.HttpServletRequest)
2019/04/20-16:04 [main] INFO  org.springframework.web.servlet.mvc.method.annotation.RequestMappingHandlerMapping- Mapped "{[/error],produces=[text/html]}" onto public org.springframework.web.servlet.ModelAndView org.springframework.boot.autoconfigure.web.servlet.error.BasicErrorController.errorHtml(javax.servlet.http.HttpServletRequest,javax.servlet.http.HttpServletResponse)
2019/04/20-16:04 [main] INFO  org.springframework.web.servlet.handler.SimpleUrlHandlerMapping- Mapped URL path [/webjars/**] onto handler of type [class org.springframework.web.servlet.resource.ResourceHttpRequestHandler]
2019/04/20-16:04 [main] INFO  org.springframework.web.servlet.handler.SimpleUrlHandlerMapping- Mapped URL path [/**] onto handler of type [class org.springframework.web.servlet.resource.ResourceHttpRequestHandler]
2019/04/20-16:04 [main] INFO  org.springframework.web.servlet.handler.SimpleUrlHandlerMapping- Mapped URL path [/**/favicon.ico] onto handler of type [class org.springframework.web.servlet.resource.ResourceHttpRequestHandler]
2019/04/20-16:04 [main] INFO  com.yfzm.DemoApplicationTests- Started DemoApplicationTests in 4.602 seconds (JVM running for 7.905)
2019/04/20-16:04 [Thread-3] INFO  org.springframework.web.context.support.GenericWebApplicationContext- Closing org.springframework.web.context.support.GenericWebApplicationContext@56928307: startup date [Sat Apr 20 16:04:41 CST 2019]; root of context hierarchy
2019/04/20-16:10 [main] INFO  com.yfzm.DemoApplicationTests- Starting DemoApplicationTests on Necronomicon with PID 17616 (started by 61640 in D:\projects\Lab-Assignment)
2019/04/20-16:10 [main] INFO  com.yfzm.DemoApplicationTests- No active profile set, falling back to default profiles: default
2019/04/20-16:10 [main] INFO  org.springframework.web.context.support.GenericWebApplicationContext- Refreshing org.springframework.web.context.support.GenericWebApplicationContext@56928307: startup date [Sat Apr 20 16:10:07 CST 2019]; root of context hierarchy
2019/04/20-16:10 [main] INFO  org.springframework.web.servlet.mvc.method.annotation.RequestMappingHandlerAdapter- Looking for @ControllerAdvice: org.springframework.web.context.support.GenericWebApplicationContext@56928307: startup date [Sat Apr 20 16:10:07 CST 2019]; root of context hierarchy
2019/04/20-16:10 [main] INFO  org.springframework.web.servlet.mvc.method.annotation.RequestMappingHandlerMapping- Mapped "{[/]}" onto public com.yfzm.LadderBean com.yfzm.LadderPage.func(java.lang.String,java.lang.String)
2019/04/20-16:10 [main] INFO  org.springframework.web.servlet.mvc.method.annotation.RequestMappingHandlerMapping- Mapped "{[/error]}" onto public org.springframework.http.ResponseEntity<java.util.Map<java.lang.String, java.lang.Object>> org.springframework.boot.autoconfigure.web.servlet.error.BasicErrorController.error(javax.servlet.http.HttpServletRequest)
2019/04/20-16:10 [main] INFO  org.springframework.web.servlet.mvc.method.annotation.RequestMappingHandlerMapping- Mapped "{[/error],produces=[text/html]}" onto public org.springframework.web.servlet.ModelAndView org.springframework.boot.autoconfigure.web.servlet.error.BasicErrorController.errorHtml(javax.servlet.http.HttpServletRequest,javax.servlet.http.HttpServletResponse)
2019/04/20-16:10 [main] INFO  org.springframework.web.servlet.handler.SimpleUrlHandlerMapping- Mapped URL path [/webjars/**] onto handler of type [class org.springframework.web.servlet.resource.ResourceHttpRequestHandler]
2019/04/20-16:10 [main] INFO  org.springframework.web.servlet.handler.SimpleUrlHandlerMapping- Mapped URL path [/**] onto handler of type [class org.springframework.web.servlet.resource.ResourceHttpRequestHandler]
2019/04/20-16:10 [main] INFO  org.springframework.web.servlet.handler.SimpleUrlHandlerMapping- Mapped URL path [/**/favicon.ico] onto handler of type [class org.springframework.web.servlet.resource.ResourceHttpRequestHandler]
2019/04/20-16:10 [main] INFO  com.yfzm.DemoApplicationTests- Started DemoApplicationTests in 4.375 seconds (JVM running for 8.127)
2019/04/20-16:10 [Thread-3] INFO  org.springframework.web.context.support.GenericWebApplicationContext- Closing org.springframework.web.context.support.GenericWebApplicationContext@56928307: startup date [Sat Apr 20 16:10:07 CST 2019]; root of context hierarchy
